<?xml version="1.0" encoding="UTF-8"?>
<testsuite xmlns:xsi="http://www.w3.org/2001/XMLSchema-instance" xsi:noNamespaceSchemaLocation="https://maven.apache.org/surefire/maven-surefire-plugin/xsd/surefire-test-report.xsd" version="3.0.2" name="com.attendance.AttendanceSysApplicationTests" time="6.23" tests="1" errors="0" skipped="0" failures="0" flakes="0">
  <properties>
[...]
</properties>
  <testcase name="contextLoads" classname="com.attendance.AttendanceSysApplicationTests" time="1.134">
    <system-out><![CDATA[00:22:19.942 [main] INFO org.springframework.test.context.support.AnnotationConfigContextLoaderUtils -- Could not detect default configuration classes for test class [com.attendance.AttendanceSysApplicationTests]: AttendanceSysApplicationTests does not declare any static, non-private, non-final, nested classes annotated with @Configuration.
00:22:20.140 [main] INFO org.springframework.boot.test.context.SpringBootTestContextBootstrapper -- Found @SpringBootConfiguration com.attendance.AttendanceSysApplication for test class com.attendance.AttendanceSysApplicationTests
00:22:20.302 [main] INFO org.springframework.test.context.support.AnnotationConfigContextLoaderUtils -- Could not detect default configuration classes for test class [com.attendance.AttendanceSysApplicationTests]: AttendanceSysApplicationTests does not declare any static, non-private, non-final, nested classes annotated with @Configuration.
00:22:20.305 [main] INFO org.springframework.boot.test.context.SpringBootTestContextBootstrapper -- Found @SpringBootConfiguration com.attendance.AttendanceSysApplication for test class com.attendance.AttendanceSysApplicationTests

  .   ____          _            __ _ _
 /\\ / ___'_ __ _ _(_)_ __  __ _ \ \ \ \
( ( )\___ | '_ | '_| | '_ \/ _` | \ \ \ \
 \\/  ___)| |_)| | | | | || (_| |  ) ) ) )
  '  |____| .__|_| |_|_| |_\__, | / / / /
 =========|_|==============|___/=/_/_/_/

 :: Spring Boot ::                (v4.0.5)

2026-04-22T00:22:20.905+08:00  INFO 13336 --- [attendance-sys] [           main] c.a.AttendanceSysApplicationTests        : Starting AttendanceSysApplicationTests using Java 17.0.12 with PID 13336 (started by Bond in C:\Users\Bond\Desktop\AttendanceSystem\attendance-sys)
2026-04-22T00:22:20.908+08:00  INFO 13336 --- [attendance-sys] [           main] c.a.AttendanceSysApplicationTests        : No active profile set, falling back to 1 default profile: "default"
2026-04-22T00:22:24.138+08:00  WARN 13336 --- [attendance-sys] [           main] o.s.w.s.resource.ResourceHandlerUtils    : Appended trailing slash to static resource location: file:///C:/Users/Bond/Desktop/AttendanceSystem/attendance-sys/uploads/
2026-04-22T00:22:24.588+08:00  INFO 13336 --- [attendance-sys] [           main] c.a.AttendanceSysApplicationTests        : Started AttendanceSysApplicationTests in 4.164 seconds (process running for 6.246)
]]></system-out>
  </testcase>
</testsuite>